<?xml version='1.0' encoding='UTF-8'?>
<testsuite hostname="Laurits-PC" name="HeapTest" tests="5" errors="0" failures="1" skipped="0" time="7.34" timestamp="2024-02-22T17:17:04">
          <properties>
      <property name="java.specification.version" value="17"/><property name="sun.cpu.isalist" value="amd64"/><property name="sun.jnu.encoding" value="Cp1252"/><property name="sun.arch.data.model" value="64"/><property name="java.vendor.url" value="https://adoptium.net/"/><property name="user.country.format" value="DK"/><property name="sun.boot.library.path" value="C:\Program Files\Eclipse Adoptium\jdk-17.0.10.7-hotspot\bin"/><property name="sun.java.command" value="xsbt.boot.Boot test"/><property name="jdk.debug" value="release"/><property name="sun.stderr.encoding" value="cp437"/><property name="java.specification.vendor" value="Oracle Corporation"/><property name="java.version.date" value="2024-01-16"/><property name="java.home" value="C:\Program Files\Eclipse Adoptium\jdk-17.0.10.7-hotspot"/><property name="file.separator" value="\"/><property name="java.vm.compressedOopsMode" value="32-bit"/><property name="line.separator" value="
"/><property name="sun.stdout.encoding" value="cp437"/><property name="java.vm.specification.vendor" value="Oracle Corporation"/><property name="java.specification.name" value="Java Platform API Specification"/><property name="user.script" value=""/><property name="sun.management.compiler" value="HotSpot 64-Bit Tiered Compilers"/><property name="java.runtime.version" value="17.0.10+7"/><property name="user.name" value="Lauri"/><property name="log4j.ignoreTCL" value="true"/><property name="file.encoding" value="UTF-8"/><property name="jnidispatch.path" value="C:\Users\Lauri\AppData\Local\Temp\jna-73193399\jna7191556394901313963.dll"/><property name="java.vendor.version" value="Temurin-17.0.10+7"/><property name="jna.loaded" value="true"/><property name="java.io.tmpdir" value="C:\Users\Lauri\AppData\Local\Temp\"/><property name="java.version" value="17.0.10"/><property name="java.vm.specification.name" value="Java Virtual Machine Specification"/><property name="sun.os.patch.level" value=""/><property name="native.encoding" value="Cp1252"/><property name="java.library.path" value="C:\Program Files\Eclipse Adoptium\jdk-17.0.10.7-hotspot\bin;C:\WINDOWS\Sun\Java\bin;C:\WINDOWS\system32;C:\WINDOWS;C:\Program Files\Eclipse Adoptium\jdk-17.0.10.7-hotspot\bin;C:\Program Files (x86)\Common Files\Oracle\Java\javapath;C:\Program Files (x86)\NVIDIA Corporation\PhysX\Common;C:\WINDOWS\system32;C:\WINDOWS;C:\WINDOWS\System32\Wbem;C:\WINDOWS\System32\WindowsPowerShell\v1.0\;C:\WINDOWS\System32\OpenSSH\;C:\Program Files\Git\cmd;C:\Program Files\PuTTY\;C:\Program Files (x86)\sbt\bin;C:\Users\Lauri\AppData\Local\Programs\Python\Python311\Scripts\;C:\Users\Lauri\AppData\Local\Programs\Python\Python311\;C:\Users\Lauri\AppData\Local\Microsoft\WindowsApps;C:\Users\Lauri\AppData\Local\Programs\Microsoft VS Code\bin;C:\Users\Lauri\AppData\Local\GitHubDesktop\bin;."/><property name="java.vendor" value="Eclipse Adoptium"/><property name="scala.ext.dirs" value="C:\Users\Lauri\.sbt\1.0\java9-rt-ext-eclipse_adoptium_17_0_10"/><property name="sun.io.unicode.encoding" value="UnicodeLittle"/><property name="java.class.path" value="C:\Program Files (x86)\sbt\\bin\sbt-launch.jar"/><property name="java.vm.vendor" value="Eclipse Adoptium"/><property name="user.variant" value=""/><property name="jline.shutdownhook" value="false"/><property name="user.timezone" value="Europe/Copenhagen"/><property name="java.vm.specification.version" value="17"/><property name="os.name" value="Windows 11"/><property name="sun.java.launcher" value="SUN_STANDARD"/><property name="user.country" value="US"/><property name="sun.cpu.endian" value="little"/><property name="user.home" value="C:\Users\Lauri"/><property name="user.language" value="en"/><property name="sbt.ipcsocket.tmpdir" value="C:\Users\Lauri\AppData\Local\Temp\.sbtbc767420\ipcsocket"/><property name="swoval.tmpdir" value="C:\Users\Lauri\AppData\Local\Temp\.sbtbc767420\swoval"/><property name="jline.esc.timeout" value="0"/><property name="path.separator" value=";"/><property name="os.version" value="10.0"/><property name="jna.nosys" value="true"/><property name="java.runtime.name" value="OpenJDK Runtime Environment"/><property name="java.vm.name" value="OpenJDK 64-Bit Server VM"/><property name="java.vendor.url.bug" value="https://github.com/adoptium/adoptium-support/issues"/><property name="user.dir" value="C:\Users\Lauri\Desktop\GitHub\chisel-lab_Personlig\lab4"/><property name="os.arch" value="amd64"/><property name="user.language.format" value="da"/><property name="java.vm.info" value="mixed mode, sharing"/><property name="java.vm.version" value="17.0.10+7"/><property name="java.class.version" value="61.0"/>
    </properties>
          <testcase classname="HeapTest" name="Heap should present the currently largest number on io.root while ready and not empty" time="4.619">
                      
                    </testcase><testcase classname="HeapTest" name="Heap should assert empty after all numbers have been removed" time="0.654">
                      
                    </testcase><testcase classname="HeapTest" name="Heap should assert full when 8 numbers have been inserted" time="0.781">
                      
                    </testcase><testcase classname="HeapTest" name="Heap should deassert full after one number is removed when it was full" time="0.74">
                      <failure message="io_full=true (1, 0x1) did not equal expected=false (0, 0x0) (lines in HeapTest.scala: 126, 102)" type="org.scalatest.exceptions.TestFailedException">org.scalatest.exceptions.TestFailedException: io_full=true (1, 0x1) did not equal expected=false (0, 0x0) (lines in HeapTest.scala: 126, 102)
	at chiseltest.internal.TestEnvInterface.signalExpectFailure(TestEnvInterface.scala:60)
	at chiseltest.internal.TestEnvInterface.signalExpectFailure$(TestEnvInterface.scala:45)
	at HeapTest.signalExpectFailure(HeapTest.scala:8)
	at chiseltest.package$Utils$.expectFailed(package.scala:499)
	at chiseltest.package$Utils$.expectBits(package.scala:490)
	at chiseltest.package$testableBool.expectInternal(package.scala:27)
	at chiseltest.package$testableBool.expect(package.scala:29)
	at HeapTest.$anonfun$new$13(HeapTest.scala:126)
	at HeapTest.$anonfun$new$13$adapted(HeapTest.scala:102)
	at chiseltest.internal.GenericBackend.$anonfun$run$1(GenericBackend.scala:153)
	at chiseltest.internal.ThreadedBackend$TesterThread$$anon$1.$anonfun$run$1(ThreadedBackend.scala:495)
	at chiseltest.internal.GenericBackend.doTimescope(GenericBackend.scala:98)
	at chiseltest.internal.ThreadedBackend$TesterThread$$anon$1.run(ThreadedBackend.scala:495)
	at java.base/java.lang.Thread.run(Thread.java:840)
Caused by: chiseltest.internal.FailedExpectException: io_full=true (1, 0x1) did not equal expected=false (0, 0x0) (lines in HeapTest.scala: 126, 102)
	... 14 more
</failure>
                    </testcase><testcase classname="HeapTest" name="Heap should not change the sequence if new insertions are issued when it is full" time="0.546">
                      
                    </testcase>
          <system-out><![CDATA[]]></system-out>
          <system-err><![CDATA[]]></system-err>
        </testsuite>